<?xml version="1.0" encoding="UTF-8"?>
<!-- Generated by org.testng.reporters.JUnitReportReporter -->
<testsuite hostname="ThejashreeCG" failures="0" tests="6" name="FinalProjectUseCase.usecase" time="33.075" errors="0" timestamp="2025-08-12T17:02:05 IST" skipped="0">
  <testcase classname="FinalProjectUseCase.usecase" name="CreateProjectWithEmployees" time="12.989"/>
  <testcase classname="FinalProjectUseCase.usecase" name="NavToHomePage" time="0.596"/>
  <testcase classname="FinalProjectUseCase.usecase" name="ClickUpdate" time="1.063"/>
  <testcase classname="FinalProjectUseCase.usecase" name="UpdateEmployeeRoles" time="17.971"/>
  <testcase classname="FinalProjectUseCase.usecase" name="SubmitUpdate" time="0.119"/>
  <testcase classname="FinalProjectUseCase.usecase" name="ConfirmPopup" time="0.337"/>
</testsuite> <!-- FinalProjectUseCase.usecase -->
