<?xml version="1.0" encoding="UTF-8"?>
<!-- Generated by org.testng.reporters.JUnitReportReporter -->
<testsuite hostname="ThejashreeCG" failures="0" tests="6" name="FinalProjectUseCase.usecase" time="29.147" errors="0" timestamp="2025-08-13T10:15:05 IST" skipped="0">
  <testcase classname="FinalProjectUseCase.usecase" name="CreateProjectWithEmployees" time="10.639"/>
  <testcase classname="FinalProjectUseCase.usecase" name="NavToHomePage" time="0.506"/>
  <testcase classname="FinalProjectUseCase.usecase" name="ClickUpdate" time="1.066"/>
  <testcase classname="FinalProjectUseCase.usecase" name="UpdateEmployeeRoles" time="16.361"/>
  <testcase classname="FinalProjectUseCase.usecase" name="SubmitUpdate" time="0.133"/>
  <testcase classname="FinalProjectUseCase.usecase" name="ConfirmPopup" time="0.442"/>
</testsuite> <!-- FinalProjectUseCase.usecase -->
