<?xml version="1.0" encoding="UTF-8"?>
<!-- Generated by org.testng.reporters.JUnitReportReporter -->
<testsuite hostname="ThejashreeCG" failures="0" tests="3" name="FinalProjectUseCase.Download" time="20.970" errors="0" timestamp="2025-08-12T17:02:05 IST" skipped="0">
  <testcase classname="FinalProjectUseCase.Download" name="fillSprintForm" time="16.183"/>
  <testcase classname="FinalProjectUseCase.Download" name="confirmSprintPopup" time="0.294"/>
  <testcase classname="FinalProjectUseCase.Download" name="downloadWeeklyReport" time="4.493"/>
</testsuite> <!-- FinalProjectUseCase.Download -->
