<?xml version="1.0" encoding="UTF-8"?>
<!-- Generated by org.testng.reporters.JUnitReportReporter -->
<testsuite hostname="ThejashreeCG" failures="0" tests="6" name="FinalProjectUseCase.usecase" time="22.965" errors="0" timestamp="2025-08-12T13:31:14 IST" skipped="0">
  <testcase classname="FinalProjectUseCase.usecase" name="CreateProjectWithEmployees" time="5.667"/>
  <testcase classname="FinalProjectUseCase.usecase" name="NavToHomePage" time="0.409"/>
  <testcase classname="FinalProjectUseCase.usecase" name="ClickUpdate" time="0.764"/>
  <testcase classname="FinalProjectUseCase.usecase" name="UpdateEmployeeRoles" time="15.839"/>
  <testcase classname="FinalProjectUseCase.usecase" name="SubmitUpdate" time="0.087"/>
  <testcase classname="FinalProjectUseCase.usecase" name="ConfirmPopup" time="0.199"/>
</testsuite> <!-- FinalProjectUseCase.usecase -->
