<?xml version="1.0" encoding="UTF-8"?>
<!-- Generated by org.testng.reporters.JUnitReportReporter -->
<testsuite hostname="ThejashreeCG" failures="0" tests="3" name="FinalProjectUseCase.Download" time="17.094" errors="0" timestamp="2025-08-12T13:31:14 IST" skipped="0">
  <testcase classname="FinalProjectUseCase.Download" name="fillSprintForm" time="13.124"/>
  <testcase classname="FinalProjectUseCase.Download" name="confirmSprintPopup" time="0.122"/>
  <testcase classname="FinalProjectUseCase.Download" name="downloadWeeklyReport" time="3.848"/>
</testsuite> <!-- FinalProjectUseCase.Download -->
