<?xml version="1.0" encoding="UTF-8"?>
<!-- Generated by org.testng.reporters.JUnitReportReporter -->
<testsuite hostname="ThejashreeCG" failures="0" tests="3" name="FinalProjectUseCase.Download" time="16.304" errors="0" timestamp="2025-08-13T10:15:05 IST" skipped="0">
  <testcase classname="FinalProjectUseCase.Download" name="fillSprintForm" time="12.211"/>
  <testcase classname="FinalProjectUseCase.Download" name="confirmSprintPopup" time="0.153"/>
  <testcase classname="FinalProjectUseCase.Download" name="downloadWeeklyReport" time="3.940"/>
</testsuite> <!-- FinalProjectUseCase.Download -->
